{"uuid":"e13613d7-3fb0-4245-b8d5-780551dd0ab8","historyId":"ad44d79aed97417e7488fb6ab67ceaf9","fullName":"BOA Login page: Login functionality with incorrect username","labels":[{"name":"tag","value":"Regression"},{"name":"host","value":"Usmans-MacBook-Air.local"},{"name":"thread","value":"43840@Usmans-MacBook-Air.local.main(1)"},{"name":"feature","value":"BOA Login page"},{"name":"story","value":"Login functionality with incorrect username"},{"name":"suite","value":"BOA Login page"},{"name":"testClass","value":"Login functionality with incorrect username"},{"name":"framework","value":"cucumber4jvm"},{"name":"language","value":"java"},{"name":"gherkin_uri","value":"file:///Users/usman/IdeaProjects/BDDFrameworkFeb23/src/test/resources/BOALoginPage.feature"},{"name":"package","value":"src.test.resources.BOALoginPage_feature.BOA Login page"}],"links":[],"name":"Login functionality with incorrect username","status":"failed","statusDetails":{"known":false,"muted":false,"flaky":false,"message":"Open account button is not displayed expected [true] but found [false]","trace":"java.lang.AssertionError: Open account button is not displayed expected [true] but found [false]\n\tat org.testng.Assert.fail(Assert.java:110)\n\tat org.testng.Assert.failNotEquals(Assert.java:1413)\n\tat org.testng.Assert.assertTrue(Assert.java:56)\n\tat pages.LoginPage.validateOpenAccountButton(LoginPage.java:45)\n\tat stepDefinitions.BOALoginPage.user_validate_open_account_button(BOALoginPage.java:63)\n\tat ✽.user validate open account button(file:///Users/usman/IdeaProjects/BDDFrameworkFeb23/src/test/resources/BOALoginPage.feature:18)\n"},"stage":"finished","steps":[{"name":"Given  user opens chrome browser","status":"passed","statusDetails":{"known":false,"muted":false,"flaky":false},"stage":"finished","steps":[],"attachments":[],"parameters":[],"start":1683995494178,"stop":1683995506656},{"name":"When  user enters url","status":"passed","statusDetails":{"known":false,"muted":false,"flaky":false},"stage":"finished","steps":[],"attachments":[],"parameters":[],"start":1683995506670,"stop":1683995509170},{"name":"And  user enters incorrect username and password","status":"passed","statusDetails":{"known":false,"muted":false,"flaky":false},"stage":"finished","steps":[],"attachments":[],"parameters":[],"start":1683995509171,"stop":1683995513109},{"name":"And  user clicks saveID button","status":"passed","statusDetails":{"known":false,"muted":false,"flaky":false},"stage":"finished","steps":[],"attachments":[],"parameters":[],"start":1683995513109,"stop":1683995513646},{"name":"Then  user validate open account button","status":"failed","statusDetails":{"known":false,"muted":false,"flaky":false,"message":"Open account button is not displayed expected [true] but found [false]","trace":"java.lang.AssertionError: Open account button is not displayed expected [true] but found [false]\n\tat org.testng.Assert.fail(Assert.java:110)\n\tat org.testng.Assert.failNotEquals(Assert.java:1413)\n\tat org.testng.Assert.assertTrue(Assert.java:56)\n\tat pages.LoginPage.validateOpenAccountButton(LoginPage.java:45)\n\tat stepDefinitions.BOALoginPage.user_validate_open_account_button(BOALoginPage.java:63)\n\tat ✽.user validate open account button(file:///Users/usman/IdeaProjects/BDDFrameworkFeb23/src/test/resources/BOALoginPage.feature:18)\n"},"stage":"finished","steps":[],"attachments":[],"parameters":[],"start":1683995513647,"stop":1683995522497},{"name":"And  user clicks login button","status":"skipped","statusDetails":{"known":false,"muted":false,"flaky":false},"stage":"finished","steps":[],"attachments":[],"parameters":[],"start":1683995522498,"stop":1683995522499},{"name":"Then  user validate error message","status":"skipped","statusDetails":{"known":false,"muted":false,"flaky":false},"stage":"finished","steps":[],"attachments":[],"parameters":[],"start":1683995522500,"stop":1683995522500}],"attachments":[],"parameters":[],"start":1683995494170,"stop":1683995523909}